[    0.000000] Linux version 4.15.0-58-generic (buildd@lcy01-amd64-013) (gcc version 7.4.0 (Ubuntu 7.4.0-1ubuntu1~18.04.1)) #64-Ubuntu SMP Tue Aug 6 11:12:41 UTC 2019 (Ubuntu 4.15.0-58.64-generic 4.15.18)
[    0.000000] Command line: BOOT_IMAGE=/boot/vmlinuz-4.15.0-58-generic root=LABEL=cloudimg-rootfs ro consle=tty1 console=ttyS0
[    0.000000] KERNEL supported cpus:
[    0.000000]   Intel GenuineIntel
[    0.000000]   AMD AuthenticAMD
[     0.000000]   Centaur CentaurHauls
[    0.000000] x86/fpu: Supporting XSAVE feature 0x001: 'x87 floating point registers'
[    0.000000] x86/fpu: Supporting XSAVE feature 0x002: 'SSE registers'
[    0.000000] x86/fpu: Supporting XSAVE feature 0x004: 'AVX registers'
[    0.000000] x86/fpu: xstate_offset[2]:  576, xstate_sizes[2]:  256
[    0.000000] x86/fpu: Enabled xstate features 0x7, context size is 832 bytes, using 'standard' format.
[    0.000000] e820: BIOS-provided physical RAM map:
[    0.000000] BIOS-e820: [mem 0x0000000000000000-0x000000000009fbff] usable
[    0.000000] BIOS-e820: [mem 0x000000000009fc00-0x000000000009ffff] reserved
[    0.000000] BIOS-e820: [mem 0x00000000000f0000-0x00000000000fffff] reserved
[    0.000000] BIOS-e820: [mem 0x0000000000100000-0x000000003ffeffff] usable
[    0.000000] BIOS-e820: [mem 0x000000003fff0000-0x000000003fffffff] ACPI data
[    0.000000] BIOS-e820: [mem 0x00000000fec00000-0x00000000ec00fff] reserved
[    0.000000] BIOS-e820: [mem 0x00000000fee00000-0x00000000fee00fff] reserved
[    0.000000] BIOS-e820: [mem 0x00000000fffc0000-0x00000000ffffffff] reserved
[    0.000000] NX (Execute Disable) protection: active
[    0.000000] SMBIOS 2.5 present.
[    0.000000] DMI: innotek GmbH VirtualBox/VirtualBox, BIOS VirtualBox 12/01/2006
[    0.000000] Hypervisor detected KVM
[    0.000000] e820: last_pfn = 0x3fff0 max_arch_pfn = 0x40000000
[   0.000000] MTR: Disabled
   0.000000] x86/PAT: MTRRs disabled, skipping PAT initialization too.
[    0.000000] CPU MTRRs all blank - virtualized system.
[    0.000000] x86/PAT: Configuration [0-7]: WB  WT  UC- UC  WB  WT  UC- UC  
[    0.000000] found SMP MP-table at [mem 0x0009fff0-0x0009ffff] mapped at [        (ptrval)]
[    0.000000] Scanning 1 areas for low memory corruption
[    0.000000] RAMDISK: [mem 0x3597b000-0x36cb4fff]
[    0.000000] ACPI: Early table checksum verification disabled
[    0.000000] ACPI: RSDP 0x00000000000E0000 000024 (v02 VBOX  )
[    0.000000] ACPI: XSDT 0x000000003FFF0030 00003C (v01 VBOX   VBOXXSDT 00000001 ASL  00000061)
[    0.000000] ACPI: FACP 0x000000003FFF00F0 0000F4 (v04 VBOX   VBOXFACP 00000001 ASL  00000061)
[    0.000000] ACPI: DSDT 0x000000003FFF0470 0021FF (v02 VBOX   VBOXBIOS 00000002 INTL 20100528)
[    0.000000] ACPI: FACS 0x000000003FFF0200 000040
[    0.000000] ACPI: FACS 0x000000003FFF0200 000040
[    0.000000] ACPI: APIC 0x000000003FFF0240 00005C (v02 VBOX   VBOXAPIC 00000001 ASL  00000061)
[    0.000000] ACPI: SSDT 0x000000003FFF02A0 0001CC (v01 VBOX   VBOXCPUT 00000002 INTL 20100528)
[    0.000000] No NUMA configuration found
[    0.000000] Faking a node at [mem 0x0000000000000000-0x000000003ffeffff]
[    0.000000] NODE_DATA(0) allocated [mem 0x3ffc5000-0x3ffeffff]
[    0.000000] kvm-clock: cpu 0, msr 0:3ff44001, primary cpu clock
[    0.000000] kvm-clock: Using msrs 4b564d01 and 4b564d00
[    0.000000] kvm-clock: using sched offset of 5275109092 cycles
[    0.000000] clocksource: kvm-clock: mask: 0xffffffffffffffff max_cycles: 0x1cd42e4dffb, max_idle_ns: 881590591483 ns
[    0.000000] Zone anges:
[    0.000000]   DMA      [mem 0x0000000000001000-0x0000000000ffffff]
[    0.000000]   DMA32    [mem 0x0000000001000000-0x000000003ffeffff]
[    0.000000]   Normal   empty
[    0.000000]   Device   empty
[    0.000000] Movable zone start for each node
[    0.000000] Early memory node ranges
[    0.000000]   node   0: [mem 0x0000000000001000-0x000000000009efff]
[    0.000000]   node   0: [mem 0x0000000000100000-0x000000003ffeffff]
[    0.000000] Reserved but unavailable: 98 pages
[    0.000000] Initmem setup node 0 [mem 0x0000000000001000-0x000000003ffeffff]
[    0.000000] ACPI: PM-Timer IO Port: 0x4008
[    0.000000] IOAPIC[0]: apic_id 2, version 32, address 0xfec00000, GSI 0-23
[    0.000000] ACPI: INT_SRC_OVR (bus 0 bus_irq 0 global_irq 2 dfl dfl)
[    0.000000] ACPI: INT_SRC_OVR (bus 0 bus_irq 9 global_irq 9 low level)
[    0.000000] Using ACPI (MADT) for SMP configuration information
[    0.000000] smpboot: Allowing 2 CPUs, 0 hotplug CPUs
[    0.000000] PM: Registered nosave memory: [mem 0x00000000-0x00000fff]
[    0.000000] PM: Registered nosave memory: [mem 0x0009f000-0x0009ffff]
[    0.000000] PM: Registered nosave memory: [mem 0x000a0000-0x000effff
[    0.000000] PM: Registered nosave memory: [mem 0x000f0000-0x000fffff]
[    0.00000]e820: mem 0x40000000-0xfebfffff] available for PCI devices
[    0.000000] Booting paravirtualized kernel on KVM
[    0.000000] clocksource: refined-jiffies: mask: 0xffffffff max_cycles: 0xffffffff, max_idle_ns: 7645519600211568 ns
[    0.000000] random: get_random_bytes called from start_kernel+0x99/0x4fd with crng_init=0
[    0.000000] setup_percpu: NR_CPUS:8192 nr_cpumask_bits:2 nr_cpu_ids:2 nr_node_ids:1
[    0.000000] percpu: Embedded 46 pages/cpu @        (ptrval) s151552 r8192 d28672 u1048576
[    0.000000] PV qspilock hash table entries: 256 (order: 0, 4096 bytes)
[    0.000000] Built 1 zonelists, mobility grouping on.  Total pages: 257913
[    0.000000] Policy zone: DMA32
[    0.000000] Kernel command line: BOOT_IMAGE=/boot/vmlinuz-4.15.0-58-generic root=LABEL=cloudimg-rootfs ro console=tty1 console=ttyS0
[    0.000000] Memory: 982908K/1048120K available (12300K kernel code, 2478K rwdata, 44280K rodata, 2424K init, 2384K bss, 65212K reserved, 0K cma-reserved)
[    0.000000] SLUB: HWalign=64, Order=0-3, MinObjects=0, CPUs=2, Nodes=1
[    0.000000] Kernel/User page tables isolation: enabled
[    0.000000] ftrace: allocating 39243 entries in 154 pages
[    0.004000] Hierarchical RCU implementation.
[    0.004000] 	RCU restricting CPUs from NR_CPUS=8192 to nr_cpu_ids=2.
[    0.004000] 	Tasks RCU enabled.
[    0.004000] RCU: Adjusting geometry for rcu_fanout_leaf=16, nr_cpu_ids=2
[    0.004000] NR_IRQS: 524544, nr_irqs: 440, preallocated irqs: 16
[    0.004000] Console: colour VGA+ 80x25
[    0.004000] console [tty1] enabled
[   0.004000] console [ttyS0] enabled
[    0.004000] ACPI: Core revision 20170831

[    0.004000] ACPI: 2 ACPI AML tables succesfuly acquird and loaded
[    0.004000] APIC: Switch to symmetric I/O mode setup
[    0.004000] x2apic enabled
[    0.004009] Switched APIC routing to physical x2apic.
[    0.009519] ..TIMER: vector=0x30 apic1=0 pin1=2 apic2=-1 pin2=-1
[    0.012006] tsc: Detected 2000.000 MHz processor
[    0.016017] Calibrating delay loop (skipped) preset value.. 4000.00 BogoMIPS (lpj=8000000)
[    0.020007] pid_max: default: 32768 minimum: 301
[    0.024051] Security Framework initialized
[    0.028005] Yama: becoming mindful.
[    0.029944] AppArmor: AppArmor initialized
[    0.034650] Dentry cache hash table entries: 131072 (order: 8, 1048576 bytes)
[    0.036094] Inode-cache hash table entries: 65536 (order: 7, 524288 bytes)
[    0.040037] Mount-cache hash table entries: 2048 (order: 2, 16384 bytes)
[    0.044016] Mountpoint-cache hash table entries: 2048 (order: 2, 16384 bytes)
[    0.048324] mce: CPU supports 0 MCE banks
[    0.050650] Last level iTLB entries: 4KB 1024, 2MB 1024, 4MB 1024
[    0.052006] Last level dTLB entries: 4KB 1024, 2MB 1024, 4MB 1024, 1GB 4
[    0.056005] Spectre V1 : Mitigation: usercopy/swapgs barriers and __user pointer sanitization
[    0.060006] Spectre V2 : Mitigation: Full generic retpoline
[    0.063208] Spectre V2 : Spectre v2 / SpectreRSB mitigation: Filling RSB on context switch
[    0.064005] Speculative Store Bypass: Vulnerable
[    0.066348] MDS: Vulnerable: Clear CPU buffers attempted, no microcode
[    0.068174] Freeing SMP alternatives memory: 36K
[    0.080000] APIC calibration not consistent with PM-Timer: 114ms instead of 100ms
[    0.080000] APIC delta adjusted to PM-Timer: 6256513 (7168421)
[    0.080213] smpboot: CPU0: Intel(R) Core(TM) i5-4260U CPU @ 1.40GHz (family: 0x6, model: 0x45, stepping: 0x1)
[    0.084759] Performance Events: unsupported p6 CPU model 69 no PMU driver, software events only.
[    0.092688] Hierarchical SRCU implementation.
[    0.095584] NMI watchdog: Perf event create on CPU 0 failed with -2
[    0.096005] NMI watchdog: Perf NMI watchdog permanently disabled
[    0.100086] smp: Bringing up secondary CPUs ...
[    0.101687] x86: Booting SMP configuration:
[    0.104009] .... node  #0, CPUs:      #1
[    0.004000] kvm-clock: cpu 1, msr 0:3ff44041, secondary cpu clock
[    0.004000] mce: CPU supports 0 MCE banks
[    0.116043] smp: Brought up 1 node, 2 CPUs
[    0.118247] smpboot: Max logical packages: 1
[    0.120013] smpboot: Total of 2 processors activated (8000.00 BogoMIPS)
[    0.124192] devtmpfs: initialized
[    0.128071] x86/mm: Memory block size: 128MB
[    0.132162] evm: security.selinux
[    0.133548] evm: security.SMACK64
[    0.136003] evm: security.SMACK64EXEC
[    0.137475] evm: security.SMACK64TRANSMUTE
[    0.140003] evm: security.SMACK64MMAP
[    0.144003] evm: security.apparmor
[    0.148004] evm: security.ima
[    0.152004] evm: security.capability
[    0.156151] clocksource: jiffies: mask: 0xffffffff max_cycles: 0xffffffff, max_idle_ns: 7645041785100000 ns
[    0.160024] futex hash table entries: 512 (order: 3, 32768 bytes)
[    0.164089] pinctrl core: initialized pinctrl subsystem
[    0.170048] RTC time: 17:04:44, date: 08/28/19
[    0.172230] NET: Registered protocol family 16
[    0.174635] audit: initializing netlink subsys (disabled)
[    0.176073] audit: type=2000 audit(1567011889.164:1): state=initialized audit_enabled=0 res=1
[    0.188023] cpuidle: using governor ladder
[    0.190403] cpuidle: using governor menu
[    0.192111] ACPI: bus type PCI registered
[    0.196009] acpiphp: ACPI Hot Plug PCI Controller Driver version: 0.5
[    0.200337] PCI: Using configuration type 1 for base access
[    0.206048] HugeTLB registered 2.00 MiB page size, pre-allocated 0 pages
[    0.208315] ACPI: Added _OSI(Module Device)
[    0.212006] ACPI: Added _OSI(Processor Device)
[    0.216003] ACPI: Added _OSI(3.0 _SCP Extensions)
[    0.218454] ACPI: Added _OSI(Processor Aggregator Device)
[    0.220006] ACPI: Added _OSI(Linux-Dell-Video)
[    0.222302] ACPI: Added _OSI(Linux-Lenovo-NV-HDMI-Audio)
[    0.224005] ACPI: Added _OSI(Linux-HPI-Hybrid-Graphics)
[    0.232471] ACPI: Executed 1 blocks of module-level executable AML code
[    0.239701] ACPI: Interpreter enabled
[    0.240019] ACPI: (supports S0 S5)
[    0.241475] ACPI: Using IOAPIC for interrupt routing
[    0.244268] PCI: Using host bridge windows from ACPI; if necessary, use "pci=nocrs" and report a bug
[    0.248301] ACPI: Enabled 2 GPEs in block 00 to 07
[    0.262838] ACPI: PCI Root Bridge [PCI0] (domain 0000 [bus 00-ff])
[    0.264011] acpi PNP0A03:00: _OSC: OS supports [ASPM ClockPM Segments MSI]
[    0.266740] acpi PNP0A03:00: _OSC: not requesting OS control; OS requires [ExtendedConfig ASPM ClockPM MSI]
[    0.268031] acpi PNP0A03:00: fail to add MMCONFIG information, can't access extended PCI configuration space under this bridge.
[    0.273003] PCI host bridge to bus 0000:00
[    0.276012] pci_bus 0000:00: root bus resource [io  0x0000-0x0cf7 window]
[    0.280014] pci_bus 0000:00: root bus resource [io  0x0d00-0xffff window]
[    0.284013] pci_bus 0000:00: root bus resource [mem 0x000a0000-0x000bffff window]
[    0.288015] pci_bus 0000:00: root bus resource [mem 0x40000000-0xfdffffff window]
[    0.292014] pci_bus 0000:00: root bus resource [bus 00-ff]
[    0.302149] pci 0000:00:01.1: legacy IDE quirk: reg 0x10: [io  0x01f0-0x01f7]
[    0.304009] pci 0000:00:01.1: legacy IDE quirk: reg 0x14: [io  0x03f6]
[    0.308011] pci 0000:00:01.1: legacy IDE quirk: reg 0x18: [io  0x0170-0x0177]
[    0.312013] pci 0000:00:01.1: legacy IDE quirk: reg 0x1c: [io  0x0376]
[    0.359838] pci 0000:00:07.0: quirk: [io  0x4000-0x403f] claimed by PIIX4 ACPI
[    0.360032] pci 0000:00:07.0: quirk: [io  0x4100-0x410f] claimed by PIIX4 SMB
[    0.382862] ACPI: PCI Interrupt Link [LNKA] (IRQs 5 9 10 *11)
[    0.388078] ACPI: PCI Interrupt Link [LNKB] (IRQs 5 9 *10 11)
[    0.392000] ACPI: PCI Interrupt Link [LNKC] (IRQs 5 *9 10 11)
[    0.392192] ACPI: PCI Interrupt Link [LNKD] (IRQs 5 9 10 *11)
[    0.396572] SCSI subsystem initialized
[    0.400041] pci 0000:00:02.0: vgaarb: setting as boot VGA device
[    0.404000] pci 0000:00:02.0: vgaarb: VGA device added: decodes=io+mem,owns=io+mem,locks=none
[    0.404009] pci 0000:00:02.0: vgaarb: bridge control possible
[    0.406271] vgaarb: loaded
[    0.408037] ACPI: bus type USB registered
[    0.412036] usbcore: registered new interface driver usbfs
[    0.416028] usbcore: registered new interface driver hub
[    0.418211] usbcore: registered new device driver usb
[    0.420092] EDAC MC: Ver: 3.0.0
[    0.424577] PCI: Using ACPI for IRQ routing
[    0.428633] NetLabel: Initializing
[    0.432007] NetLabel:  domain hash size = 128
[    0.434055] NetLabel:  protocols = UNLABELED CIPSOv4 CALIPSO
[    0.436035] NetLabel:  unlabeled traffic allowed by default
[    0.444221] clocksource: Switched to clocksource kvm-clock
[    0.470722] VFS: Disk quotas dquot_6.6.0
[    0.472820] VFS: Dquot-cache hash table entries: 512 (order 0, 4096 bytes)
[    0.476082] AppArmor: AppArmor Filesystem Eabled
[    0.512768] pnp: PnP ACPI init
[   0.516285] pnp: PnP ACPI: found 3 devices

[    0.566529] clocksoure: acpi_pm: mask: 0xffffff max_cycles: 0xffffff, max_idle_ns: 2085701024 ns
[    0598117] NET Registred protool famiy 2

[    0.729972] TCP established hash table entries: 8192 (order: 4, 65536 bytes)
[    0.733181] TCP bind hash table entries: 8192 (order: 5, 131072 bytes)
[    0.735678] TCP: Hash tables configured (established 8192 bind 8192)
[    0.737907] UDP hash table entries: 512 (order: 2, 16384 bytes)
[    0.740685] UDP-Lite hash table entries: 512 (order: 2, 16384 bytes)
[    0.742965] NET: Registered protocol family 1
[    0.744459] pci 0000:00:00.0: Limiting direct PCI/PCI transfers
[    0.746367] pci 0000:00:01.0: Activating ISA DMA hang workarounds
[    0.748423] pci 0000:00:02.0: Video device with shadowed ROM at [mem 0x000c0000-0x000dffff]
[    0.751243] Unpacking initramfs...
[    1.183479] Freeing initrd memory: 19688K
[    1.213562] clocksource: tsc: mask: 0xffffffffffffffff max_cycles: 0x39a85c9bff6, max_idle_ns: 881590591483 ns
[    1.277675] platform rtc_cmos: registered platform RTC device (no PNP device found)
[    1.317771] Scanning for low memory corruption every 60 seconds
[    1.355695] Initialise system trusted keyrings
[    1.372764] Key type blacklist registered
[    1.381973] workingset: timestamp_bits=36 max_order=18 bucket_order=0
[    1.409752] zbud: loaded
[    1.412528] squashfs: version 4.0 (2009/01/31) Phillip Lougher
[    1.426259] fuse init (API version 7.26)
[    1.443590] Key type asymmetric registered
[    1.459425] Asymmetric key parser 'x509' registered
[    1.469079] Block layer SCSI generic (bsg) driver version 0.4 loaded (major 246)
[    1.477544] io scheduler noop registered
[    1.479970] io scheduler deadline registered
[    1.482744] io scheduler cfq registered (default)
[    1.493527] ACPI: AC Adapter [AC] (on-line)
[    1.496240] input: Power Button as /devices/LNXSYSTM:00/LNXPWRBN:00/input/input0
[    1.509469] ACPI: Power Button [PWRF]
[    1.519731] input: Sleep Button as /devices/LNXSYSTM:00/LNXSLPBN:00/input/input1
[    1.526845] ACPI: Sleep Button [SLPF]
[    1.543961] ACPI: Battery Slot [BAT0] (battery present)
[    1.548991] Serial: 8250/16550 driver, 32 ports, IRQ sharing enabled
[    1.581664] 00:02: ttyS0 at I/O 0x3f8 (irq = 4, base_baud = 115200) is a 16550A
[    1.586328] Linux agpgart interface v0.103
[    1.594974] loop: module loaded
[    1.597856] scsi host0: ata_piix
[    1.599787] scsi host1: ata_piix
[    1.616493] ata1: PATA max UDMA/33 cmd 0x1f0 ctl 0x3f6 bmdma 0xd000 irq 14
[    1.636522] ata2: PATA max UDMA/33 cmd 0x170 ctl 0x376 bmdma 0xd008 irq 15
[    1.659964] libphy: Fixed MDIO Bus: probed
[    1.664344] tun: Universal TUN/TAP device driver, 1.6
[    1.673060] PPP generic driver version 2.4.2
[    1.689384] ehci_hcd: USB 2.0 'Enhanced' Host Controller (EHCI) Driver
[    1.697773] ehci-pci: EHCI PCI platform driver
[    1.717657] ehci-platform: EHCI generic platform driver
[    1.736361] ohci_hcd: USB 1.1 'Open' Host Controller (OHCI) Driver
[    1.760262] ohci-pci: OHCI PCI platform driver
[    1.775929] ohci-platform: OHCI generic platform driver
[    1.794439] uhci_hcd: USB Universal Host Controller Interface driver
[    1.806143] i8042: PNP: PS/2 Controller [PNP0303:PS2K,PNP0f03:PS2M] at 0x60,0x64 irq 1,12
[    1.839794] serio: i8042 KBD port at 0x60,0x64 irq 1
[    1.848625] serio: i8042 AUX port at 0x60,0x64 irq 12
[    1.875100] mousedev: PS/2 mouse device common for all mice
[    1.891623] input: AT Translated Set 2 keyboard as /devices/platform/i8042/serio0/input/input2
[    1.910474] rtc_cmos rtc_cmos: rtc core: registered rtc_cmos as rtc0
[    1.913971] rtc_cmos rtc_cmos: alarms up to one day, 114 bytes nvram
[    1.917262] i2c /dev entries driver
[    1.919195] device-mapper: uevent: version 1.0.3
[    1.922059] device-mapper: ioctl: 4.37.0-ioctl (2017-09-20) initialised: dm-devel@redhat.com
[    1.932842] ledtrig-cpu: registered to indicate activity on CPUs
[    1.944565] NET: Registered protocol family 10
[    1.959100] Segment Routing with IPv6
[    1.967329] NET: Registered protocol family 17
[    1.973984] Key type dns_resolver registered
[    1.978192] RAS: Correctable Errors collector initialized.
[    1.982502] sched_clock: Marking stable (1982416839, 0)->(4546172283, -2563755444)
[    1.991641] registered taskstats version 1
[    1.994837] Loading compiled-in X.509 certificates
[    2.011011] Loaded X.509 cert 'Build time autogenerated kernel key: e343dd3e31c9820cf0adf0156bc2eecdcfc394af'
[    2.020857] zswap: loaded using pool lzo/zbud
[    2.033811] Key type big_key registered
[    2.041669] Key type trusted registered
[    2.046860] Key type encrypted registered
[    2.056372] AppArmor: AppArmor sha1 policy hashing enabled
[    2.072983] ima: No TPM chip found, activating TPM-bypass! (rc=-19)
[    2.090410] ima: Allocated hash algorithm: sha1
[    2.108966] evm: HMAC attrs: 0x1
[    2.11659]   Magic umber: 15:433:88
[   2.18446]   hsh matces /build/linux-hwVdeu/linux-4.15.0/drivers/base/power/main.c:1635
[    2.309001] rtc_cmos rtc_cmos: setting system clock to 2019-08-28 17:04:47 UTC (1567011887)
[    2.312644] BIOS EDD facility v0.16 2004-Jun-25, 0 devices found
[    2.318537] EDD information not available.
[    2.336756] Freeing unused kernel image memory: 2424K
[    2.376614] Write protecting the kernel read-only data: 20480k
[    2.414396] Freeing unused kernel image memory: 2008K
[    2.421488] Freeing unused kernel image memory: 1864K
[    2.433955] x86/mm: Checked W+X mappings: passed, no W+X pages found.
[    2.459700] x86/mm: Checking user space page tables
[    2.491503] x86/mm: Checked W+X mappings: passed, no W+X pages found.
Loading, please wait...
starting version 237
[    2.611841] e1000: Intel(R) PRO/1000 Network Driver - version 7.3.21-k8-NAPI
[    2.617269] e1000: Copyright (c) 1999-2006 Intel Corporation.
[    2.623259] Fusion MPT base driver 3.04.20
[    2.626213] Copyright (c) 1999-2008 LSI Corporation
[    2.678522] Fusion MPT SPI Host driver 3.04.20
[    2.694311] AVX2 version of gcm_enc/dec engaged.
[    2.695953] AES CTR mode by8 optimization enabled
[    2.703934] vboxvideo: loading out-of-tree module taints kernel.
[    2.707718] vboxvideo: module verification failed: signature and/or required key missing - tainting kernel
[    2.885771] input: ImExPS/2 Generic Explorer Mouse as /devices/platform/i8042/serio1/input/input4
[    3.211665] e1000 0000:00:03.0 eth0: (PCI:33MHz:32-bit) 02:cc:50:df:d9:b9
[    3.613247] e1000 0000:00:03.0 eth0: Intel(R) PRO/1000 Network Connection
[    3.655820] mptbase: ioc0: Initiating bringup
[    3.776714] ioc0: LSI53C1030 A0: Capabilities={Initiator}
[    4.060633] scsi host2: ioc0: LSI53C1030 A0, FwRev=00000000h, Ports=1, MaxQ=256, IRQ=20
[    4.234657] [drm] VRAM 01000000
[    4.237231] scsi 2:0:0:0: Direct-Access     VBOX     HARDDISK         1.0  PQ: 0 ANSI: 5
[    4.241159] [TTM] Zone  kernel: Available graphics memory: 504464 kiB
[    4.243244] [TTM] Initializing pool allocator
[    4.245011] [TTM] Initializing DMA pool allocator
[    4.249212] fbcon: vboxdrmfb (fb0) is primary device
[    4.252980] Console: switching to colour frame buffer device 100x37
[    4.257709] vboxvideo 0000:00:02.0: fb0: vboxdrmfb frame buffer device
[    4.283104] scsi target2:0:0: Beginning Domain Validation
[    4.287638] [drm] Initialized vboxvideo 1.0.0 20130823 for 0000:00:02.0 on minor 0
[    4.296454] scsi target2:0:0: Domain Validation skipping write tests
[    4.302573] scsi target2:0:0: Ending Domain Validation
[    4.306224] scsi target2:0:0: asynchronous
[    4.319340] scsi 2:0:1:0: Direct-Access     VBOX     HARDDISK         1.0  PQ: 0 ANSI: 5
[    4.568166] scsi target2:0:1: Beginning Domain Validation
[    4.570837] random: fast init done
[    4.573817] scsi target2:0:1: Domain Validation skipping write tests
[    4.576389] scsi target2:0:1: Ending Domain Validation
[    4.579128] scsi target2:0:1: asynchronous
[    4.588268] sd 2:0:0:0: Attached scsi generic sg0 type 0
[    4.590233] sd 2:0:0:0: [sda] 20971520 512-byte logical blocks: (10.7 GB/10.0 GiB)
[    4.592268] random: systemd-udevd: uninitialized urandom read (16 bytes read)
[    4.592783] sd 2:0:1:0: Attached scsi generic sg1 type 0
[    4.595777] random: systemd-udevd: uninitialized urandom read (16 bytes read)
[    4.597540] sd 2:0:0:0: [sda] Write Protect is off
[    4.600664] random: systemd-udevd: uninitialized urandom read (16 bytes read)
[    4.605952] sd 2:0:0:0: [sda] Incomplete mode parameter data
[    4.607871] sd 2:0:0:0: [sda] Assuming drive cache: write through
[    4.609988] sd 2:0:1:0: [sdb] 20480 512-byte logical blocks: (10.5 MB/10.0 MiB)
[    4.612652] sd 2:0:1:0: [sdb] Write Protect is off
[    4.614776] sd 2:0:1:0: [sdb] Incomplete mode parameter data
[    4.616901] sd 2:0:1:0: [sdb] Assuming drive cache: write through
[    4.623758]  sda: sda1
[    4.630423] sd 2:0:1:0: [sdb] Attached SCSI disk
[    4.632225] sd 2:0:0:0: [sda] Attached SCSI disk
[    4.820288] e1000 0000:00:08.0 eth1: (PCI:33MHz:32-bit) 08:00:27:36:55:11
[    5.309999] e1000 0000:00:08.0 eth1: Intel(R) PRO/1000 Network Connection
[    5.658954] e1000 0000:00:08.0 enp0s8: renamed from eth1
[    5.696303] e1000 0000:00:03.0 enp0s3: renamed from eth0
Begin: Loading essential drivers ... [    5.928292] raid6: sse2x1   gen()  8827 MB/s
[    5.981202] raid6: sse2x1   xor()  4953 MB/s
[    6.028178] raid6: sse2x2   gen() 10343 MB/s
[    6.084301] raid6: sse2x2   xor()  6780 MB/s
[    6.136243] raid6: sse2x4   gen() 12414 MB/s
[    6.184110] raid6: sse2x4   xor()  7296 MB/s
[    6.248238] raid6: avx2x1   gen() 11448 MB/s
[    6.308246] raid6: avx2x1   xor() 11124 MB/s
[    6.364290] raid6: avx2x2   gen() 19550 MB/s
[    6.428070] raid6: avx2x2   xor() 11697 MB/s
[    6.476016] raid6: avx2x4   gen() 21162 MB/s
[    6.544072] raid6: avx2x4   xor() 13293 MB/s
[    6.546209] raid6: using algorithm avx2x4 gen() 21162 MB/s
[    6.549017] raid6: .... xor() 13293 MB/s, rmw enabled
[    6.550728] raid6: using avx2x2 recovery algorithm
[    6.554626] xor: automatically using best checksumming function   avx       
[    6.561408] async_tx: api initialized (async)
done.
Begin: Running /scripts/init-premount ... done.
Begin: Mounting root file system ... Begin: Running /scripts/local-top ... done.
Begin: Running /scripts/local-premount ... [    6.673357] Btrfs loaded, crc32c=crc32c-intel
Scanning for Btrfs filesystems
done.
Warning: fsck not present, so skipping root file system
[    6.744881] EXT4-fs (sda1): mounted filesystem with ordered data mode. Opts: (null)
done.
Begin: Running /scripts/local-bottom ... done.
Begin: Running /scripts/init-bottom ... done.
[    7.137619] ip_tables: (C) 2000-2006 Netfilter Core Team
[    7.172624] systemd[1]: systemd 237 running in system mode. (+PAM +AUDIT +SELINUX +IMA +APPARMOR +SMACK +SYSVINIT +UTMP +LIBCRYPTSETUP +GCRYPT +GNUTLS +ACL +XZ +LZ4 +SECCOMP +BLKID +ELFUTILS +KMOD -IDN2 +IDN -PCRE2 default-hierarchy=hybrid)
[    7.285830] systemd[1]: Detected virtualization oracle.
[    7.305292] systemd[1]: Detected architecture x86-64.

Welcome to [1mUbuntu 18.04.3 LTS[0m!

[    7.361389] systemd[1]: Set hostname to <ubuntu-bionic>.
[    7.893738] systemd[1]: Reached target System Time Synchronized.
[[0;32m  OK  [0m] Reached target System Time Synchronized.
[    7.954516] systemd[1]: Set up automount Arbitrary Executable File Formats File System Automount Point.
[[0;32m  OK  [0m] Set up automount Arbitrary Executab…rmats File System Automount Point.
[    8.126859] systemd[1]: Created slice System Slice.
[[0;32m  OK  [0m] Created slice System Slice.
[    8.140033] systemd[1]: Listening on Journal Socket.
[[0;32m  OK  [0m] Listening on Journal Socket.
[    8.150121] systemd[1]: Mounting Huge Pages File System...
         Mounting Huge Pages File System...
[    8.174337] systemd[1]: Starting Uncomplicated firewall...
         Starting Uncomplicated firewall...
         Starting Remount Root and Kernel File Systems...
[[0;32m  OK  [0m] Created slice system-postgresql.slice.
[[0;32m  OK  [0m] Listening on udev Kernel Socket.
[[0;32m  OK  [0m] Listening on LVM2 metadata daemon socket.
[[0;32m  OK  [0m] Created slice system-serial\x2dgetty.slice.
[[0;32m  OK  [0m] Listening on Device-mapper event daemon FIFOs.[    8.207328] EXT4-fs (sda1): re-mounted. Opts: (null)

         Starting Monitoring of LVM2 mirrors…ng dmeventd or progress polling...
         Starting Load Kernel Modules...
[[0;32m  OK  [0m] Listening on udev Control Socket.
[[0;32m  OK  [0m] Listening on Journal Socket (/dev/log).
[[0;32m  OK  [0m] Started Forward Password Requests to Wall Directory Watch.
[[0;32m  OK  [0m] Reached target User and Group Name Lookups.
[[0;32m  OK  [0[    8.318029] Loading iSCSI transport class v2.0-870.
m] Listening on /dev/initctl Compatibility Named Pipe.
[[0;32m  OK  [0m] Created slice User and Session Slice.
[[0;32m  OK  [0m] Listening on Network Service Netlink Socket.[    8.334278] iscsi: registered transport (tcp)

[[0;32m  OK  [0m] Listening on Journal Audit Socket.
[[0;32m  OK  [0m] Reached target Slices.
         Mounting Kernel Debug File System...
         Starting udev Coldplug all Devices...
[    9.293932] iscsi: registered transport (iser)
[[0;32m  OK  [0m] Listening on Syslog Socket.
         Starting Journal Service...
[[0;32m  OK  [0m] Reached target Swap.
         Mounting POSIX Message Queue File System...
         Starting Create list of required st…ce nodes for the current kernel...
[[0;32m  OK  [0m] Listening on LVM2 poll daemon socket.
         Starting Set the console keyboard layout...
[[0;32m  OK  [0m] Mounted Huge Pages File System.
[[0;32m  OK  [0m] Started Journal Service.
[[0;32m  OK  [0m] Started Uncomplicated firewall.
[[0;32m  OK  [0m] Started Remount Root and Kernel File Systems.
[[0;32m  OK  [0m] Started Load Kernel Modules.
[[0;32m  OK  [0m] Mounted Kernel Debug File System.
[[0;32m  OK  [0m] Mounted POSIX Message Queue File System.
[[0;32m  OK  [0m] Started Create list of required sta…vice nodes for the current kernel.
[[0;32m  OK  [0m] Started LVM2 metadata daemon.
         Starting Create Static Device Nodes in /dev...
         Starting Apply Kernel Variables...
         Mounting Kernel Configuration File System...
         Mounting FUSE Control File System...
         Starting Load/Save Random Seed...
         Starting Flush Journal to Persistent Storage...
[[0;32m  OK  [0m] Started udev Coldplug all Devices.
[[0;32m  OK  [0m] Started Monitoring of LVM2 mirrors,…sing dmeventd or progress polling.
[[0;32m  OK  [0m] Started Create Static Device Nodes in /dev.
[[0;32m  OK  [0m] Started Apply Kernel Variables.
[[0;32m  OK  [0m] Mounted Kernel Configuration File System.
[[0;32m  OK  [0m] Mounted FUSE Control File System.
[[0;32m  OK  [0m] Started Load/Save Random Seed.
         Starting udev Kernel Device Manager...
[[0;32m  OK  [0m] Started udev Kernel Device Manager.
[[0;32m  OK  [0m] Started Flush Journal to Persistent Storage.
[[0;32m  OK  [0m] Found device /dev/ttyS0.
[[0;32m  OK  [0m] Listening on Load/Save RF Kill Switch Status /dev/rfkill Watch.
[[0;32m  OK  [0m] Started Set the console keyboard layout.
[[0;32m  OK  [0m] Reached target Local File Systems (Pre).
[[0;32m  OK  [0m] Reached target Local File Systems.
         Starting Tell Plymouth To Write Out Runtime Data...
         Starting Set console font and keymap...
         Starting Create Volatile Files and Directories...
         Starting ebtables ruleset management...
         Starting AppArmor initialization...
[[0;32m  OK  [0m] Started Dispatch Password Requests to Console Directory Watch.
[[0;32m  OK  [0m] Reached target Local Encrypted Volumes.
[[0;32m  OK  [0m] Started Tell Plymouth To Write Out Runtime Data.
[[0;32m  OK  [0m] Started Set console font and keymap.
[[0;32m  OK  [0m] Started Create Volatile Files and Directories.
         Starting Update UTMP about System Boot/Shutdown...
[[0;32m  OK  [0m] Started Update UTMP about System Boot/Shutdown.
[[0;32m  OK  [0m] Started ebtables ruleset management.
[[0;32m  OK  [0m] Started AppArmor initialization.
         Starting Initial cloud-init job (pre-networking)...
[   13.368471] cloud-init[695]: Cloud-init v. 19.1-1-gbaa47854-0ubuntu1~18.04.1 running 'init-local' at Wed, 28 Aug 2019 17:04:58 +0000. Up 13.09 seconds.
[[0;32m  OK  [0m] Started Initial cloud-init job (pre-networking).
[[0;32m  OK  [0m] Reached target Network (Pre).
         Starting Network Service...
[[0;32m  OK  [0m] Started Network Service.
         Starting Network Name Resolution...
         Starting Wait for Network to be Configured...
[[0;32m  OK  [0m] Started Network Name Resolution.
[[0;32m  OK  [0m] Reached target Host and Network Name Lookups.
[[0;32m  OK  [0m] Reached target Network.
[[0;32m  OK  [0m] Started Wait for Network to be Configured.
         Starting Initial cloud-init job (metadata service crawler)...
[   17.192772] cloud-init[804]: Cloud-init v. 19.1-1-gbaa47854-0ubuntu1~18.04.1 running 'init' at Wed, 28 Aug 2019 17:05:01 +0000. Up 16.80 seconds.
[   17.209888] cloud-init[804]: ci-info: ++++++++++++++++++++++++++++++++++++++Net device info+++++++++++++++++++++++++++++++++++++++
[   17.236305] cloud-init[804]: ci-info: +--------+------+-----------------------------+---------------+--------+-------------------+
[   17.265289] cloud-init[804]: ci-info: | Device |  Up  |           Address           |      Mask     | Scope  |     Hw-Address    |
[   17.293484] cloud-init[804]: ci-info: +--------+------+-----------------------------+---------------+--------+-------------------+
[   17.303364] cloud-init[804]: ci-info: | enp0s3 | True |          10.0.2.15          | 255.255.255.0 | global | 02:cc:50:df:d9:b9 |
[   17.312141] cloud-init[804]: ci-info: | enp0s3 | True |  fe80::cc:50ff:fedf:d9b9/64 |       .       |  link  | 02:cc:50:df:d9:b9 |
[   17.333362] cloud-init[804]: ci-info: | enp0s8 | True |        192.168.33.10        | 255.255.255.0 | global | 08:00:27:36:55:11 |
[   17.344976] cloud-init[804]: ci-info: | enp0s8 | True | fe80::a00:27ff:fe36:5511/64 |       .       |  link  | 08:00:27:36:55:11 |
[   17.357189] cloud-init[804]: ci-info: |   lo   | True |          127.0.0.1          |   255.0.0.0   |  host  |         .         |
[   17.371498] cloud-init[804]: ci-info: |   lo   | True |           ::1/128           |       .       |  host  |         .         |
[   17.397714] cloud-init[804]: ci-info: +--------+------+-----------------------------+---------------+--------+-------------------+
[   17.411598] cloud-init[804]: ci-info: +++++++++++++++++++++++++++++Route IPv4 info+++++++++++++++++++++++++++++
[   17.432381] cloud-init[804]: ci-info: +-------+--------------+----------+-----------------+-----------+-------+
[   17.444761] cloud-init[804]: ci-info: | Route | Destination  | Gateway  |     Genmask     | Interface | Flags |
[   17.461430] cloud-init[804]: ci-info: +-------+--------------+----------+-----------------+-----------+-------+
[   17.465800] cloud-init[804]: ci-info: |   0   |   0.0.0.0    | 10.0.2.2 |     0.0.0.0     |   enp0s3  |   UG  |
[   17.470263] cloud-init[804]: ci-info: |   1   |   10.0.2.0   | 0.0.0.0  |  255.255.255.0  |   enp0s3  |   U   |
[   17.474909] cloud-init[804]: ci-info: |   2   |   10.0.2.2   | 0.0.0.0  | 255.255.255.255 |   enp0s3  |   UH  |
[   17.480668] cloud-init[804]: ci-info: |   3   | 192.168.33.0 | 0.0.0.0  |  255.255.255.0  |   enp0s8  |   U   |
[   17.496808] cloud-init[804]: ci-info: +-------+--------------+----------+-----------------+-----------+-------+
[   17.506279] cloud-init[804]: ci-info: +++++++++++++++++++Route IPv6 info+++++++++++++++++++
[   17.520099] cloud-init[804]: ci-info: +-------+-------------+---------+-----------+-------+
[   17.536481] cloud-init[804]: ci-info: | Route | Destination | Gateway | Interface | Flags |
[   17.547789] cloud-init[804]: ci-info: +-------+-------------+---------+-----------+-------+
[   17.555673] cloud-init[804]: ci-info: |   1   |  fe80::/64  |    ::   |   enp0s8  |   U   |
[   17.572528] cloud-init[804]: ci-info: |   2   |  fe80::/64  |    ::   |   enp0s3  |   U   |
[   17.593144] cloud-init[804]: ci-info: |   4   |    local    |    ::   |   enp0s3  |   U   |
[   17.609335] cloud-init[804]: ci-info: |   5   |    local    |    ::   |   enp0s8  |   U   |
[   17.624725] cloud-init[804]: ci-info: |   6   |   ff00::/8  |    ::   |   enp0s8  |   U   |
[   17.666109] cloud-init[804]: ci-info: |   7   |   ff00::/8  |    ::   |   enp0s3  |   U   |
[   17.684111] cloud-init[804]: ci-info: +-------+-------------+---------+-----------+-------+
[[0;32m  OK  [0m] Started Initial cloud-init job (metadata service crawler).
[[0;32m  OK  [0m] Reached target Cloud-config availability.
[[0;32m  OK  [0m] Reached target System Initialization.
[[0;32m  OK  [0m] Started Discard unused blocks once a week.
         Starting Socket activation for snappy daemon.
[[0;32m  OK  [0m] Listening on UUID daemon activation socket.
[[0;32m  OK  [0m] Listening on ACPID Listen Socket.
[[0;32m  OK  [0m] Listening on D-Bus System Message Bus Socket.
[[0;32m  OK  [0m] Listening on Open-iSCSI iscsid Socket.
[[0;32m  OK  [0m] Started ACPI Events Check.
[[0;32m  OK  [0m] Reached target Paths.
         Starting LXD - unix socket.
[[0;32m  OK  [0m] Started Daily apt download activities.
[[0;32m  OK  [0m] Started Daily apt upgrade and clean activities.
[[0;32m  OK  [0m] Started Message of the Day.
[[0;32m  OK  [0m] Started Daily Cleanup of Temporary Directories.
[[0;32m  OK  [0m] Reached target Timers.
[[0;32m  OK  [0m] Reached target Network is Online.
[[0;32m  OK  [0m] Reached target Remote File Systems (Pre).
[[0;32m  OK  [0m] Reached target Remote File Systems.
         Starting Availability of block devices...
[[0;32m  OK  [0m] Listening on Socket activation for snappy daemon.
[[0;32m  OK  [0m] Listening on LXD - unix socket.
[[0;32m  OK  [0m] Started Availability of block devices.
[[0;32m  OK  [0m] Reached target Sockets.
[[0;32m  OK  [0m] Reached target Basic System.
         Starting vboxadd.service...
[[0;32m  OK  [0m] Started Regular background program processing daemon.
[[0;32m  OK  [0m] Started irqbalance daemon.
[[0;32m  OK  [0m] Started D-Bus System Message Bus.
[[0;32m  OK  [0m] Started Deferred execution scheduler.
         Starting Accounts Service...
         Starting Dispatcher daemon for systemd-networkd...
         Starting PostgreSQL Cluster 10-main...
         Starting OpenBSD Secure Shell server...
         Starting LXD - container startup/shutdown...
         Starting Login Service...
[[0;32m  OK  [0m] Started FUSE filesystem for LXC.
         Starting Snappy daemon...
         Starting Permit User Sessions...
         Starting Resets System Activity Data Collector...
         Starting LSB: Record successful boot for GRUB...
         Starting LSB: automatic crash report generation...
         Starting System Logging Service...
[[0;32m  OK  [0m] Started OpenBSD Secure Shell server.
[[0;32m  OK  [0m] Started Permit User Sessions.
         Starting Terminate Plymouth Boot Screen...
         Starting Hold until boot process finishes up...
[[0;32m  OK  [0m] Started Terminate Plymouth Boot Screen.
[[0;32m  OK  [0m] Started Hold until boot process finishes up.
[[0;32m  OK  [0m] Started Serial Getty on ttyS0.
         Starting Set console scheme...
[[0;32m  OK  [0m] Started Resets System Activity Data Collector.
[[0;32m  OK  [0m] Started Login Service.
[[0;32m  OK  [0m] Started Unattended Upgrades Shutdown.
[[0;32m  OK  [0m] Started Set console scheme.
[[0;32m  OK  [0m] Created slice system-getty.slice.
[[0;32m  OK  [0m] Started Getty on tty1.
[[0;32m  OK  [0m] Reached target Login Prompts.
[[0;32m  OK  [0m] Started System Logging Service.
[[0;32m  OK  [0m] Started LSB: automatic crash report generation.
[[0;32m  OK  [0m] Created slice User Slice of vagrant.
         Starting Authorization Manager...
[[0;32m  OK  [0m] Started LSB: Record successful boot for GRUB.
[[0;32m  OK  [0m] Started Authorization Manager.
[[0;32m  OK  [0m] Started Accounts Service.
[[0;32m  OK  [0m] Started Session 1 of user vagrant.
         Starting User Manager for UID 1000...
[[0;32m  OK  [0m] Started LXD - container startup/shutdown.
[[0;32m  OK  [0m] Started Dispatcher daemon for systemd-networkd.
[[0;32m  OK  [0m] Started Snappy daemon.
         Starting Wait until snapd is fully seeded...
[[0;32m  OK  [0m] Started Wait until snapd is fully seeded.
[[0;32m  OK  [0m] Started vboxadd.service.
[[0;32m  OK  [0m] Started User Manager for UID 1000.
         Starting vboxadd-service.service...
         Starting Apply the settings specified in cloud-config...
[[0;32m  OK  [0m] Started vboxadd-service.service.
[   21.426969] cloud-init[1177]: Cloud-init v. 19.1-1-gbaa47854-0ubuntu1~18.04.1 running 'modules:config' at Wed, 28 Aug 2019 17:05:06 +0000. Up 21.25 seconds.
[[0;32m  OK  [0m] Started Apply the settings specified in cloud-config.
[[0;32m  OK  [0m] Started PostgreSQL Cluster 10-main.
         Starting PostgreSQL RDBMS...
[[0;32m  OK  [0m] Started PostgreSQL RDBMS.
[[0;32m  OK  [0m] Reached target Multi-User System.
[[0;32m  OK  [0m] Reached target Graphical Interface.
         Starting Execute cloud user/final scripts...
         Starting Update UTMP about System Runlevel Changes...
[[0;32m  OK  [0m] Started Update UTMP about System Runlevel Changes.
[   23.845745] cloud-init[1394]: Cloud-init v. 19.1-1-gbaa47854-0ubuntu1~18.04.1 running 'modules:final' at Wed, 28 Aug 2019 17:05:08 +0000. Up 23.61 seconds.
[   23.846004] cloud-init[1394]: Cloud-init v. 19.1-1-gbaa47854-0ubuntu1~18.04.1 finished at Wed, 28 Aug 2019 17:05:09 +0000. Datasource DataSourceNoCloud [seed=/dev/sdb][dsmode=net].  Up 23.83 seconds

Ubuntu 18.04.3 LTS ubuntu-bionic ttyS0

ubuntu-bionic login: 